..\bin\evorobotstar.ilk
..\bin\evorobotstar.pdb
C:\USERS\DANIELA\DESKTOP\EVOROBOTRETINAMUSCLESDANIELA\BIN\EVOROBOTSTAR.EXE
C:\USERS\DANIELA\DESKTOP\EVOROBOTRETINAMUSCLESDANIELA\BIN\EVOROBOTSTAR.ILK
C:\USERS\DANIELA\DESKTOP\EVOROBOTRETINAMUSCLESDANIELA\BIN\EVOROBOTSTAR.PDB
C:\Users\Daniela\Desktop\EvorobotRetinaMusclesDaniela\Codice\..\bin\evorobotstar.exe
C:\Users\Daniela\Desktop\EvorobotRetinaMusclesDaniela\Codice\debug\cl.command.1.tlog
C:\Users\Daniela\Desktop\EvorobotRetinaMusclesDaniela\Codice\debug\CL.read.1.tlog
C:\Users\Daniela\Desktop\EvorobotRetinaMusclesDaniela\Codice\debug\CL.write.1.tlog
C:\Users\Daniela\Desktop\EvorobotRetinaMusclesDaniela\Codice\debug\custombuild.command.1.tlog
C:\Users\Daniela\Desktop\EvorobotRetinaMusclesDaniela\Codice\debug\custombuild.read.1.tlog
C:\Users\Daniela\Desktop\EvorobotRetinaMusclesDaniela\Codice\debug\custombuild.write.1.tlog
C:\USERS\DANIELA\DESKTOP\EVOROBOTRETINAMUSCLESDANIELA\CODICE\DEBUG\ENVIRONMENT.OBJ
C:\USERS\DANIELA\DESKTOP\EVOROBOTRETINAMUSCLESDANIELA\CODICE\DEBUG\EPUCK.OBJ
C:\USERS\DANIELA\DESKTOP\EVOROBOTRETINAMUSCLESDANIELA\CODICE\DEBUG\EPUCK_IO.OBJ
C:\USERS\DANIELA\DESKTOP\EVOROBOTRETINAMUSCLESDANIELA\CODICE\DEBUG\EPUCK_SM.OBJ
C:\USERS\DANIELA\DESKTOP\EVOROBOTRETINAMUSCLESDANIELA\CODICE\DEBUG\EVOLUTION.OBJ
C:\USERS\DANIELA\DESKTOP\EVOROBOTRETINAMUSCLESDANIELA\CODICE\DEBUG\EVOROBOTSTAR.EXE.INTERMEDIATE.MANIFEST
C:\USERS\DANIELA\DESKTOP\EVOROBOTRETINAMUSCLESDANIELA\CODICE\DEBUG\GCONTROLLER.OBJ
C:\Users\Daniela\Desktop\EvorobotRetinaMusclesDaniela\Codice\debug\link.command.1.tlog
C:\Users\Daniela\Desktop\EvorobotRetinaMusclesDaniela\Codice\debug\link.read.1.tlog
C:\Users\Daniela\Desktop\EvorobotRetinaMusclesDaniela\Codice\debug\link.write.1.tlog
C:\USERS\DANIELA\DESKTOP\EVOROBOTRETINAMUSCLESDANIELA\CODICE\DEBUG\MAINWINDOW.OBJ
C:\USERS\DANIELA\DESKTOP\EVOROBOTRETINAMUSCLESDANIELA\CODICE\DEBUG\MESH.OBJ
C:\USERS\DANIELA\DESKTOP\EVOROBOTRETINAMUSCLESDANIELA\CODICE\DEBUG\MOC_MAINWINDOW.CPP
C:\USERS\DANIELA\DESKTOP\EVOROBOTRETINAMUSCLESDANIELA\CODICE\DEBUG\MOC_MAINWINDOW.OBJ
C:\USERS\DANIELA\DESKTOP\EVOROBOTRETINAMUSCLESDANIELA\CODICE\DEBUG\MOC_REND_CONTROLLER.CPP
C:\USERS\DANIELA\DESKTOP\EVOROBOTRETINAMUSCLESDANIELA\CODICE\DEBUG\MOC_REND_CONTROLLER.OBJ
C:\USERS\DANIELA\DESKTOP\EVOROBOTRETINAMUSCLESDANIELA\CODICE\DEBUG\MOC_REND_EPUCK.CPP
C:\USERS\DANIELA\DESKTOP\EVOROBOTRETINAMUSCLESDANIELA\CODICE\DEBUG\MOC_REND_EPUCK.OBJ
C:\USERS\DANIELA\DESKTOP\EVOROBOTRETINAMUSCLESDANIELA\CODICE\DEBUG\MOC_REND_EVOLUTION.CPP
C:\USERS\DANIELA\DESKTOP\EVOROBOTRETINAMUSCLESDANIELA\CODICE\DEBUG\MOC_REND_EVOLUTION.OBJ
C:\USERS\DANIELA\DESKTOP\EVOROBOTRETINAMUSCLESDANIELA\CODICE\DEBUG\MOC_REND_PARAM.CPP
C:\USERS\DANIELA\DESKTOP\EVOROBOTRETINAMUSCLESDANIELA\CODICE\DEBUG\MOC_REND_PARAM.OBJ
C:\Users\Daniela\Desktop\EvorobotRetinaMusclesDaniela\Codice\debug\mt.command.1.tlog
C:\Users\Daniela\Desktop\EvorobotRetinaMusclesDaniela\Codice\debug\mt.read.1.tlog
C:\Users\Daniela\Desktop\EvorobotRetinaMusclesDaniela\Codice\debug\mt.write.1.tlog
C:\USERS\DANIELA\DESKTOP\EVOROBOTRETINAMUSCLESDANIELA\CODICE\DEBUG\MUSCLEPAIR.OBJ
C:\USERS\DANIELA\DESKTOP\EVOROBOTRETINAMUSCLESDANIELA\CODICE\DEBUG\NCONTROLLER.OBJ
C:\USERS\DANIELA\DESKTOP\EVOROBOTRETINAMUSCLESDANIELA\CODICE\DEBUG\PARAMETERS.OBJ
C:\USERS\DANIELA\DESKTOP\EVOROBOTRETINAMUSCLESDANIELA\CODICE\DEBUG\QRC_APPLICATION.CPP
C:\USERS\DANIELA\DESKTOP\EVOROBOTRETINAMUSCLESDANIELA\CODICE\DEBUG\QRC_APPLICATION.OBJ
C:\USERS\DANIELA\DESKTOP\EVOROBOTRETINAMUSCLESDANIELA\CODICE\DEBUG\REND_CONTROLLER.OBJ
C:\USERS\DANIELA\DESKTOP\EVOROBOTRETINAMUSCLESDANIELA\CODICE\DEBUG\REND_EPUCK.OBJ
C:\USERS\DANIELA\DESKTOP\EVOROBOTRETINAMUSCLESDANIELA\CODICE\DEBUG\REND_EVOLUTION.OBJ
C:\USERS\DANIELA\DESKTOP\EVOROBOTRETINAMUSCLESDANIELA\CODICE\DEBUG\REND_PARAM.OBJ
C:\USERS\DANIELA\DESKTOP\EVOROBOTRETINAMUSCLESDANIELA\CODICE\DEBUG\REND_ROBOT3D.OBJ
C:\USERS\DANIELA\DESKTOP\EVOROBOTRETINAMUSCLESDANIELA\CODICE\DEBUG\UTILITY.OBJ
C:\USERS\DANIELA\DESKTOP\EVOROBOTRETINAMUSCLESDANIELA\CODICE\VC100.PDB
