Build started 14/06/2013 21:32:31.
     1>Project "C:\libQGLViewer-2.4.0\QGLViewer\QGLViewer.vcxproj" on node 2 (build target(s)).
     1>InitializeBuildStatus:
         Creating "release\QGLViewer.unsuccessfulbuild" because "AlwaysCreate" was specified.
       CustomBuild:
         MOC camera.h
         MOC frame.h
         MOC keyFrameInterpolator.h
         MOC manipulatedCameraFrame.h
         MOC manipulatedFrame.h
         MOC qglviewer.h
         UIC ImageInterface.ui
         UIC VRenderInterface.ui
       ClCompile:
         c:\Program Files (x86)\Microsoft Visual Studio 10.0\VC\bin\CL.exe /c /I..\..\Qt\4.8.4\include\QtCore /I..\..\Qt\4.8.4\include\QtGui /I..\..\Qt\4.8.4\include\QtOpenGL /I..\..\Qt\4.8.4\include\QtXml /I..\..\Qt\4.8.4\include /I..\..\Qt\4.8.4\include\ActiveQt /Irelease /I. /I"..\..\Qt\4.8.4\mkspecs\win32-msvc2010" /Zi /nologo /W3 /WX- /O2 /Oy- /D _WINDOWS /D UNICODE /D WIN32 /D QT_LARGEFILE_SUPPORT /D CREATE_QGLVIEWER_DLL /D QT_DLL /D QT_THREAD_SUPPORT /D NOMINMAX /D QT_THREAD_SUPPORT /D QT_DLL /D QT_NO_DEBUG /D QT_NO_KEYWORDS /D QT_XML_LIB /D QT_OPENGL_LIB /D QT_GUI_LIB /D QT_CORE_LIB /D QT_HAVE_MMX /D QT_HAVE_3DNOW /D QT_HAVE_SSE /D QT_HAVE_MMXEXT /D QT_HAVE_SSE2 /D NDEBUG /D _WINDLL /Gm- /EHsc /MD /GS- /fp:precise /Zc:wchar_t /Zc:forScope /GR /Fo"release\\" /Fd".\vc100.pdb" /Gd /TP /analyze- /errorReport:prompt VRender\BSPSortMethod.cpp VRender\BackFaceCullingOptimizer.cpp VRender\EPSExporter.cpp VRender\Exporter.cpp VRender\FIGExporter.cpp VRender\NVector3.cpp VRender\ParserGL.cpp VRender\Primitive.cpp VRender\PrimitivePositioning.cpp VRender\TopologicalSortMethod.cpp VRender\VRender.cpp VRender\Vector2.cpp VRender\Vector3.cpp VRender\VisibilityOptimizer.cpp camera.cpp constraint.cpp frame.cpp VRender\gpc.cpp keyFrameInterpolator.cpp manipulatedCameraFrame.cpp manipulatedFrame.cpp mouseGrabber.cpp qglviewer.cpp quaternion.cpp saveSnapshot.cpp vec.cpp release\moc_camera.cpp release\moc_frame.cpp release\moc_keyFrameInterpolator.cpp release\moc_manipulatedCameraFrame.cpp release\moc_manipulatedFrame.cpp release\moc_qglviewer.cpp -EHs -w34100 -w34189 
         BSPSortMethod.cpp
         BackFaceCullingOptimizer.cpp
         EPSExporter.cpp
         Exporter.cpp
         FIGExporter.cpp
         NVector3.cpp
         ParserGL.cpp
         Primitive.cpp
         PrimitivePositioning.cpp
         TopologicalSortMethod.cpp
         VRender.cpp
         Vector2.cpp
         Vector3.cpp
         VisibilityOptimizer.cpp
         camera.cpp
         constraint.cpp
         frame.cpp
         gpc.cpp
         keyFrameInterpolator.cpp
         manipulatedCameraFrame.cpp
         Generating Code...
         Compiling...
         manipulatedFrame.cpp
         mouseGrabber.cpp
         qglviewer.cpp
         quaternion.cpp
         saveSnapshot.cpp
         vec.cpp
         moc_camera.cpp
         moc_frame.cpp
         moc_keyFrameInterpolator.cpp
         moc_manipulatedCameraFrame.cpp
         moc_manipulatedFrame.cpp
         moc_qglviewer.cpp
         Generating Code...
       ResourceCompile:
         C:\Program Files (x86)\Microsoft SDKs\Windows\v7.0A\bin\rc.exe /D _WINDOWS /D UNICODE /D WIN32 /D QT_LARGEFILE_SUPPORT /D CREATE_QGLVIEWER_DLL /D QT_DLL /D QT_THREAD_SUPPORT /D NOMINMAX /D QT_THREAD_SUPPORT /D QT_DLL /D QT_NO_DEBUG /D QT_NO_KEYWORDS /D QT_XML_LIB /D QT_OPENGL_LIB /D QT_GUI_LIB /D QT_CORE_LIB /D QT_HAVE_MMX /D QT_HAVE_3DNOW /D QT_HAVE_SSE /D QT_HAVE_MMXEXT /D QT_HAVE_SSE2 /l"0x0409" /nologo /fo"release\QGLViewer_resource.res" c:\libQGLViewer-2.4.0\QGLViewer\QGLViewer_resource.rc 
       Link:
         c:\Program Files (x86)\Microsoft Visual Studio 10.0\VC\bin\link.exe /ERRORREPORT:PROMPT /OUT:"release\\QGLViewer2.dll" /VERSION:"2.40" /INCREMENTAL:NO /NOLOGO /LIBPATH:c:\Qt\4.8.4\lib glu32.lib opengl32.lib gdi32.lib user32.lib c:\Qt\4.8.4\lib\QtXml4.lib c:\Qt\4.8.4\lib\QtOpenGL4.lib c:\Qt\4.8.4\lib\QtGui4.lib c:\Qt\4.8.4\lib\QtCore4.lib kernel32.lib user32.lib gdi32.lib winspool.lib comdlg32.lib advapi32.lib shell32.lib ole32.lib oleaut32.lib uuid.lib odbc32.lib odbccp32.lib /MANIFEST /ManifestFile:"release\QGLViewer2.dll.intermediate.manifest" /MANIFESTUAC:"level='asInvoker' uiAccess='false'" /PDB:"C:\libQGLViewer-2.4.0\QGLViewer\release\QGLViewer2.pdb" /TLBID:1 /DYNAMICBASE /NXCOMPAT /MACHINE:X86 /DLL release\QGLViewer_resource.res
         release\BSPSortMethod.obj
         release\BackFaceCullingOptimizer.obj
         release\EPSExporter.obj
         release\Exporter.obj
         release\FIGExporter.obj
         release\NVector3.obj
         release\ParserGL.obj
         release\Primitive.obj
         release\PrimitivePositioning.obj
         release\TopologicalSortMethod.obj
         release\VRender.obj
         release\Vector2.obj
         release\Vector3.obj
         release\VisibilityOptimizer.obj
         release\camera.obj
         release\constraint.obj
         release\frame.obj
         release\gpc.obj
         release\keyFrameInterpolator.obj
         release\manipulatedCameraFrame.obj
         release\manipulatedFrame.obj
         release\mouseGrabber.obj
         release\qglviewer.obj
         release\quaternion.obj
         release\saveSnapshot.obj
         release\vec.obj
         release\moc_camera.obj
         release\moc_frame.obj
         release\moc_keyFrameInterpolator.obj
         release\moc_manipulatedCameraFrame.obj
         release\moc_manipulatedFrame.obj
         release\moc_qglviewer.obj
            Creating library release\\QGLViewer2.lib and object release\\QGLViewer2.exp
         QGLViewer.vcxproj -> C:\libQGLViewer-2.4.0\QGLViewer\release\QGLViewer2.dll
       Manifest:
         C:\Program Files (x86)\Microsoft SDKs\Windows\v7.0A\bin\mt.exe /nologo /verbose /outputresource:"release\\QGLViewer2.dll;#2" /manifest release\QGLViewer2.dll.intermediate.manifest
       FinalizeBuildStatus:
         Deleting file "release\QGLViewer.unsuccessfulbuild".
         Touching "release\QGLViewer.lastbuildstate".
     1>Done Building Project "C:\libQGLViewer-2.4.0\QGLViewer\QGLViewer.vcxproj" (build target(s)).

Build succeeded.

Time Elapsed 00:00:36.77
