C:\USERS\DANIELA\DROPBOX\C++\FRONTIERS EVO DECISION UNIT\2010 VERSION DECISION UNIT 250\BIN\EVOROBOTSTAR.EXE
C:\USERS\DANIELA\DROPBOX\C++\FRONTIERS EVO DECISION UNIT\2010 VERSION DECISION UNIT 250\CODICE\RELEASE\ENVIRONMENT.OBJ
C:\USERS\DANIELA\DROPBOX\C++\FRONTIERS EVO DECISION UNIT\2010 VERSION DECISION UNIT 250\CODICE\RELEASE\EPUCK.OBJ
C:\USERS\DANIELA\DROPBOX\C++\FRONTIERS EVO DECISION UNIT\2010 VERSION DECISION UNIT 250\CODICE\RELEASE\EPUCK_IO.OBJ
C:\USERS\DANIELA\DROPBOX\C++\FRONTIERS EVO DECISION UNIT\2010 VERSION DECISION UNIT 250\CODICE\RELEASE\EPUCK_SM.OBJ
C:\USERS\DANIELA\DROPBOX\C++\FRONTIERS EVO DECISION UNIT\2010 VERSION DECISION UNIT 250\CODICE\RELEASE\EVOLUTION.OBJ
C:\USERS\DANIELA\DROPBOX\C++\FRONTIERS EVO DECISION UNIT\2010 VERSION DECISION UNIT 250\CODICE\RELEASE\EVOROBOTSTAR.EXE.INTERMEDIATE.MANIFEST
C:\USERS\DANIELA\DROPBOX\C++\FRONTIERS EVO DECISION UNIT\2010 VERSION DECISION UNIT 250\CODICE\RELEASE\GCONTROLLER.OBJ
C:\USERS\DANIELA\DROPBOX\C++\FRONTIERS EVO DECISION UNIT\2010 VERSION DECISION UNIT 250\CODICE\RELEASE\MAINWINDOW.OBJ
C:\USERS\DANIELA\DROPBOX\C++\FRONTIERS EVO DECISION UNIT\2010 VERSION DECISION UNIT 250\CODICE\RELEASE\MESH.OBJ
C:\USERS\DANIELA\DROPBOX\C++\FRONTIERS EVO DECISION UNIT\2010 VERSION DECISION UNIT 250\CODICE\RELEASE\MOC_MAINWINDOW.CPP
C:\USERS\DANIELA\DROPBOX\C++\FRONTIERS EVO DECISION UNIT\2010 VERSION DECISION UNIT 250\CODICE\RELEASE\MOC_MAINWINDOW.OBJ
C:\USERS\DANIELA\DROPBOX\C++\FRONTIERS EVO DECISION UNIT\2010 VERSION DECISION UNIT 250\CODICE\RELEASE\MOC_REND_CONTROLLER.CPP
C:\USERS\DANIELA\DROPBOX\C++\FRONTIERS EVO DECISION UNIT\2010 VERSION DECISION UNIT 250\CODICE\RELEASE\MOC_REND_CONTROLLER.OBJ
C:\USERS\DANIELA\DROPBOX\C++\FRONTIERS EVO DECISION UNIT\2010 VERSION DECISION UNIT 250\CODICE\RELEASE\MOC_REND_EPUCK.CPP
C:\USERS\DANIELA\DROPBOX\C++\FRONTIERS EVO DECISION UNIT\2010 VERSION DECISION UNIT 250\CODICE\RELEASE\MOC_REND_EPUCK.OBJ
C:\USERS\DANIELA\DROPBOX\C++\FRONTIERS EVO DECISION UNIT\2010 VERSION DECISION UNIT 250\CODICE\RELEASE\MOC_REND_EVOLUTION.CPP
C:\USERS\DANIELA\DROPBOX\C++\FRONTIERS EVO DECISION UNIT\2010 VERSION DECISION UNIT 250\CODICE\RELEASE\MOC_REND_EVOLUTION.OBJ
C:\USERS\DANIELA\DROPBOX\C++\FRONTIERS EVO DECISION UNIT\2010 VERSION DECISION UNIT 250\CODICE\RELEASE\MOC_REND_PARAM.CPP
C:\USERS\DANIELA\DROPBOX\C++\FRONTIERS EVO DECISION UNIT\2010 VERSION DECISION UNIT 250\CODICE\RELEASE\MOC_REND_PARAM.OBJ
C:\USERS\DANIELA\DROPBOX\C++\FRONTIERS EVO DECISION UNIT\2010 VERSION DECISION UNIT 250\CODICE\RELEASE\MUSCLEPAIR.OBJ
C:\USERS\DANIELA\DROPBOX\C++\FRONTIERS EVO DECISION UNIT\2010 VERSION DECISION UNIT 250\CODICE\RELEASE\NCONTROLLER.OBJ
C:\USERS\DANIELA\DROPBOX\C++\FRONTIERS EVO DECISION UNIT\2010 VERSION DECISION UNIT 250\CODICE\RELEASE\PARAMETERS.OBJ
C:\USERS\DANIELA\DROPBOX\C++\FRONTIERS EVO DECISION UNIT\2010 VERSION DECISION UNIT 250\CODICE\RELEASE\QRC_APPLICATION.CPP
C:\USERS\DANIELA\DROPBOX\C++\FRONTIERS EVO DECISION UNIT\2010 VERSION DECISION UNIT 250\CODICE\RELEASE\QRC_APPLICATION.OBJ
C:\USERS\DANIELA\DROPBOX\C++\FRONTIERS EVO DECISION UNIT\2010 VERSION DECISION UNIT 250\CODICE\RELEASE\REND_CONTROLLER.OBJ
C:\USERS\DANIELA\DROPBOX\C++\FRONTIERS EVO DECISION UNIT\2010 VERSION DECISION UNIT 250\CODICE\RELEASE\REND_EPUCK.OBJ
C:\USERS\DANIELA\DROPBOX\C++\FRONTIERS EVO DECISION UNIT\2010 VERSION DECISION UNIT 250\CODICE\RELEASE\REND_EVOLUTION.OBJ
C:\USERS\DANIELA\DROPBOX\C++\FRONTIERS EVO DECISION UNIT\2010 VERSION DECISION UNIT 250\CODICE\RELEASE\REND_PARAM.OBJ
C:\USERS\DANIELA\DROPBOX\C++\FRONTIERS EVO DECISION UNIT\2010 VERSION DECISION UNIT 250\CODICE\RELEASE\REND_ROBOT3D.OBJ
C:\USERS\DANIELA\DROPBOX\C++\FRONTIERS EVO DECISION UNIT\2010 VERSION DECISION UNIT 250\CODICE\RELEASE\UTILITY.OBJ
C:\USERS\DANIELA\DROPBOX\C++\FRONTIERS EVO DECISION UNIT\2010 VERSION DECISION UNIT 250\CODICE\VC100.PDB
C:\USERS\DANIELA\DROPBOX\C++\FRONTIERS EVO DECISION UNIT\2010 VERSION SENSATION\BIN\EVOROBOTSTAR.EXE
C:\Users\Daniela\Dropbox\C++\Frontiers EVO DECISION UNIT\2010 version sensation\Codice\..\bin\evorobotstar.exe
C:\Users\Daniela\Dropbox\C++\Frontiers EVO DECISION UNIT\2010 version sensation\Codice\release\cl.command.1.tlog
C:\Users\Daniela\Dropbox\C++\Frontiers EVO DECISION UNIT\2010 version sensation\Codice\release\CL.read.1.tlog
C:\Users\Daniela\Dropbox\C++\Frontiers EVO DECISION UNIT\2010 version sensation\Codice\release\CL.write.1.tlog
C:\Users\Daniela\Dropbox\C++\Frontiers EVO DECISION UNIT\2010 version sensation\Codice\release\custombuild.command.1.tlog
C:\Users\Daniela\Dropbox\C++\Frontiers EVO DECISION UNIT\2010 version sensation\Codice\release\custombuild.read.1.tlog
C:\Users\Daniela\Dropbox\C++\Frontiers EVO DECISION UNIT\2010 version sensation\Codice\release\custombuild.write.1.tlog
C:\USERS\DANIELA\DROPBOX\C++\FRONTIERS EVO DECISION UNIT\2010 VERSION SENSATION\CODICE\RELEASE\ENVIRONMENT.OBJ
C:\USERS\DANIELA\DROPBOX\C++\FRONTIERS EVO DECISION UNIT\2010 VERSION SENSATION\CODICE\RELEASE\EPUCK.OBJ
C:\USERS\DANIELA\DROPBOX\C++\FRONTIERS EVO DECISION UNIT\2010 VERSION SENSATION\CODICE\RELEASE\EPUCK_IO.OBJ
C:\USERS\DANIELA\DROPBOX\C++\FRONTIERS EVO DECISION UNIT\2010 VERSION SENSATION\CODICE\RELEASE\EPUCK_SM.OBJ
C:\USERS\DANIELA\DROPBOX\C++\FRONTIERS EVO DECISION UNIT\2010 VERSION SENSATION\CODICE\RELEASE\EVOLUTION.OBJ
C:\USERS\DANIELA\DROPBOX\C++\FRONTIERS EVO DECISION UNIT\2010 VERSION SENSATION\CODICE\RELEASE\EVOROBOTSTAR.EXE.INTERMEDIATE.MANIFEST
C:\Users\Daniela\Dropbox\C++\Frontiers EVO DECISION UNIT\2010 version sensation\Codice\release\evorobotstar.vcxprojResolveAssemblyReference.cache
C:\Users\Daniela\Dropbox\C++\Frontiers EVO DECISION UNIT\2010 version sensation\Codice\release\evorobotstar.write.1.tlog
C:\USERS\DANIELA\DROPBOX\C++\FRONTIERS EVO DECISION UNIT\2010 VERSION SENSATION\CODICE\RELEASE\GCONTROLLER.OBJ
C:\Users\Daniela\Dropbox\C++\Frontiers EVO DECISION UNIT\2010 version sensation\Codice\release\link.command.1.tlog
C:\Users\Daniela\Dropbox\C++\Frontiers EVO DECISION UNIT\2010 version sensation\Codice\release\link.read.1.tlog
C:\Users\Daniela\Dropbox\C++\Frontiers EVO DECISION UNIT\2010 version sensation\Codice\release\link.write.1.tlog
C:\USERS\DANIELA\DROPBOX\C++\FRONTIERS EVO DECISION UNIT\2010 VERSION SENSATION\CODICE\RELEASE\MAINWINDOW.OBJ
C:\USERS\DANIELA\DROPBOX\C++\FRONTIERS EVO DECISION UNIT\2010 VERSION SENSATION\CODICE\RELEASE\MESH.OBJ
C:\USERS\DANIELA\DROPBOX\C++\FRONTIERS EVO DECISION UNIT\2010 VERSION SENSATION\CODICE\RELEASE\MOC_MAINWINDOW.CPP
C:\USERS\DANIELA\DROPBOX\C++\FRONTIERS EVO DECISION UNIT\2010 VERSION SENSATION\CODICE\RELEASE\MOC_MAINWINDOW.OBJ
C:\USERS\DANIELA\DROPBOX\C++\FRONTIERS EVO DECISION UNIT\2010 VERSION SENSATION\CODICE\RELEASE\MOC_REND_CONTROLLER.CPP
C:\USERS\DANIELA\DROPBOX\C++\FRONTIERS EVO DECISION UNIT\2010 VERSION SENSATION\CODICE\RELEASE\MOC_REND_CONTROLLER.OBJ
C:\USERS\DANIELA\DROPBOX\C++\FRONTIERS EVO DECISION UNIT\2010 VERSION SENSATION\CODICE\RELEASE\MOC_REND_EPUCK.CPP
C:\USERS\DANIELA\DROPBOX\C++\FRONTIERS EVO DECISION UNIT\2010 VERSION SENSATION\CODICE\RELEASE\MOC_REND_EPUCK.OBJ
C:\USERS\DANIELA\DROPBOX\C++\FRONTIERS EVO DECISION UNIT\2010 VERSION SENSATION\CODICE\RELEASE\MOC_REND_EVOLUTION.CPP
C:\USERS\DANIELA\DROPBOX\C++\FRONTIERS EVO DECISION UNIT\2010 VERSION SENSATION\CODICE\RELEASE\MOC_REND_EVOLUTION.OBJ
C:\USERS\DANIELA\DROPBOX\C++\FRONTIERS EVO DECISION UNIT\2010 VERSION SENSATION\CODICE\RELEASE\MOC_REND_PARAM.CPP
C:\USERS\DANIELA\DROPBOX\C++\FRONTIERS EVO DECISION UNIT\2010 VERSION SENSATION\CODICE\RELEASE\MOC_REND_PARAM.OBJ
C:\Users\Daniela\Dropbox\C++\Frontiers EVO DECISION UNIT\2010 version sensation\Codice\release\mt.command.1.tlog
C:\Users\Daniela\Dropbox\C++\Frontiers EVO DECISION UNIT\2010 version sensation\Codice\release\mt.read.1.tlog
C:\Users\Daniela\Dropbox\C++\Frontiers EVO DECISION UNIT\2010 version sensation\Codice\release\mt.write.1.tlog
C:\USERS\DANIELA\DROPBOX\C++\FRONTIERS EVO DECISION UNIT\2010 VERSION SENSATION\CODICE\RELEASE\MUSCLEPAIR.OBJ
C:\USERS\DANIELA\DROPBOX\C++\FRONTIERS EVO DECISION UNIT\2010 VERSION SENSATION\CODICE\RELEASE\NCONTROLLER.OBJ
C:\USERS\DANIELA\DROPBOX\C++\FRONTIERS EVO DECISION UNIT\2010 VERSION SENSATION\CODICE\RELEASE\PARAMETERS.OBJ
C:\USERS\DANIELA\DROPBOX\C++\FRONTIERS EVO DECISION UNIT\2010 VERSION SENSATION\CODICE\RELEASE\QRC_APPLICATION.CPP
C:\USERS\DANIELA\DROPBOX\C++\FRONTIERS EVO DECISION UNIT\2010 VERSION SENSATION\CODICE\RELEASE\QRC_APPLICATION.OBJ
C:\USERS\DANIELA\DROPBOX\C++\FRONTIERS EVO DECISION UNIT\2010 VERSION SENSATION\CODICE\RELEASE\REND_CONTROLLER.OBJ
C:\USERS\DANIELA\DROPBOX\C++\FRONTIERS EVO DECISION UNIT\2010 VERSION SENSATION\CODICE\RELEASE\REND_EPUCK.OBJ
C:\USERS\DANIELA\DROPBOX\C++\FRONTIERS EVO DECISION UNIT\2010 VERSION SENSATION\CODICE\RELEASE\REND_EVOLUTION.OBJ
C:\USERS\DANIELA\DROPBOX\C++\FRONTIERS EVO DECISION UNIT\2010 VERSION SENSATION\CODICE\RELEASE\REND_PARAM.OBJ
C:\USERS\DANIELA\DROPBOX\C++\FRONTIERS EVO DECISION UNIT\2010 VERSION SENSATION\CODICE\RELEASE\REND_ROBOT3D.OBJ
C:\USERS\DANIELA\DROPBOX\C++\FRONTIERS EVO DECISION UNIT\2010 VERSION SENSATION\CODICE\RELEASE\UTILITY.OBJ
C:\USERS\DANIELA\DROPBOX\C++\FRONTIERS EVO DECISION UNIT\2010 VERSION SENSATION\CODICE\VC100.PDB
